\BOOKMARK [0][-]{chapter.1}{\376\377\000N\000a\000m\000e\000s\000p\000a\000c\000e\000\040\000I\000n\000d\000e\000x}{}% 1
\BOOKMARK [1][-]{section.1.1}{\376\377\000P\000a\000c\000k\000a\000g\000e\000s}{chapter.1}% 2
\BOOKMARK [0][-]{chapter.2}{\376\377\000D\000e\000s\000i\000g\000n\000\040\000U\000n\000i\000t\000\040\000I\000n\000d\000e\000x}{}% 3
\BOOKMARK [1][-]{section.2.1}{\376\377\000D\000e\000s\000i\000g\000n\000\040\000U\000n\000i\000t\000\040\000H\000i\000e\000r\000a\000r\000c\000h\000y}{chapter.2}% 4
\BOOKMARK [0][-]{chapter.3}{\376\377\000D\000e\000s\000i\000g\000n\000\040\000U\000n\000i\000t\000\040\000I\000n\000d\000e\000x}{}% 5
\BOOKMARK [1][-]{section.3.1}{\376\377\000D\000e\000s\000i\000g\000n\000\040\000U\000n\000i\000t\000\040\000L\000i\000s\000t}{chapter.3}% 6
\BOOKMARK [0][-]{chapter.4}{\376\377\000F\000i\000l\000e\000\040\000I\000n\000d\000e\000x}{}% 7
\BOOKMARK [1][-]{section.4.1}{\376\377\000F\000i\000l\000e\000\040\000L\000i\000s\000t}{chapter.4}% 8
\BOOKMARK [0][-]{chapter.5}{\376\377\000N\000a\000m\000e\000s\000p\000a\000c\000e\000\040\000D\000o\000c\000u\000m\000e\000n\000t\000a\000t\000i\000o\000n}{}% 9
\BOOKMARK [1][-]{section.5.1}{\376\377\000f\000i\000l\000e\000R\000e\000a\000d\000\040\000N\000a\000m\000e\000s\000p\000a\000c\000e\000\040\000R\000e\000f\000e\000r\000e\000n\000c\000e}{chapter.5}% 10
\BOOKMARK [2][-]{subsection.5.1.1}{\376\377\000D\000e\000t\000a\000i\000l\000e\000d\000\040\000D\000e\000s\000c\000r\000i\000p\000t\000i\000o\000n}{section.5.1}% 11
\BOOKMARK [0][-]{chapter.6}{\376\377\000C\000l\000a\000s\000s\000\040\000D\000o\000c\000u\000m\000e\000n\000t\000a\000t\000i\000o\000n}{}% 12
\BOOKMARK [1][-]{section.6.1}{\376\377\000f\000i\000l\000e\000R\000e\000a\000d\000\040\000P\000a\000c\000k\000a\000g\000e\000\040\000B\000o\000d\000y\000\040\000R\000e\000f\000e\000r\000e\000n\000c\000e}{chapter.6}% 13
\BOOKMARK [1][-]{section.6.2}{\376\377\000A\000L\000U\000\137\000B\000U\000\040\000A\000r\000c\000h\000i\000t\000e\000c\000t\000u\000r\000e\000\040\000R\000e\000f\000e\000r\000e\000n\000c\000e}{chapter.6}% 14
\BOOKMARK [2][-]{subsection.6.2.1}{\376\377\000D\000e\000t\000a\000i\000l\000e\000d\000\040\000D\000e\000s\000c\000r\000i\000p\000t\000i\000o\000n}{section.6.2}% 15
\BOOKMARK [1][-]{section.6.3}{\376\377\000C\000U\000\040\000A\000r\000c\000h\000i\000t\000e\000c\000t\000u\000r\000e\000\040\000R\000e\000f\000e\000r\000e\000n\000c\000e}{chapter.6}% 16
\BOOKMARK [2][-]{subsection.6.3.1}{\376\377\000D\000e\000t\000a\000i\000l\000e\000d\000\040\000D\000e\000s\000c\000r\000i\000p\000t\000i\000o\000n}{section.6.3}% 17
\BOOKMARK [1][-]{section.6.4}{\376\377\000C\000U\000n\000i\000t\000\040\000E\000n\000t\000i\000t\000y\000\040\000R\000e\000f\000e\000r\000e\000n\000c\000e}{chapter.6}% 18
\BOOKMARK [2][-]{subsection.6.4.1}{\376\377\000D\000e\000t\000a\000i\000l\000e\000d\000\040\000D\000e\000s\000c\000r\000i\000p\000t\000i\000o\000n}{section.6.4}% 19
\BOOKMARK [1][-]{section.6.5}{\376\377\000D\000M\000\040\000A\000r\000c\000h\000i\000t\000e\000c\000t\000u\000r\000e\000\040\000R\000e\000f\000e\000r\000e\000n\000c\000e}{chapter.6}% 20
\BOOKMARK [2][-]{subsection.6.5.1}{\376\377\000D\000e\000t\000a\000i\000l\000e\000d\000\040\000D\000e\000s\000c\000r\000i\000p\000t\000i\000o\000n}{section.6.5}% 21
\BOOKMARK [2][-]{subsection.6.5.2}{\376\377\000M\000e\000m\000b\000e\000r\000\040\000F\000u\000n\000c\000t\000i\000o\000n\000\040\000D\000o\000c\000u\000m\000e\000n\000t\000a\000t\000i\000o\000n}{section.6.5}% 22
\BOOKMARK [3][-]{subsubsection.6.5.2.1}{\376\377\000P\000R\000O\000C\000E\000S\000S\000\137\0002}{subsection.6.5.2}% 23
\BOOKMARK [1][-]{section.6.6}{\376\377\000E\000X\000U\000n\000i\000t\000\040\000E\000n\000t\000i\000t\000y\000\040\000R\000e\000f\000e\000r\000e\000n\000c\000e}{chapter.6}% 24
\BOOKMARK [2][-]{subsection.6.6.1}{\376\377\000D\000e\000t\000a\000i\000l\000e\000d\000\040\000D\000e\000s\000c\000r\000i\000p\000t\000i\000o\000n}{section.6.6}% 25
\BOOKMARK [1][-]{section.6.7}{\376\377\000f\000i\000l\000e\000R\000e\000a\000d\000\040\000P\000a\000c\000k\000a\000g\000e\000\040\000R\000e\000f\000e\000r\000e\000n\000c\000e}{chapter.6}% 26
\BOOKMARK [2][-]{subsection.6.7.1}{\376\377\000D\000e\000t\000a\000i\000l\000e\000d\000\040\000D\000e\000s\000c\000r\000i\000p\000t\000i\000o\000n}{section.6.7}% 27
\BOOKMARK [1][-]{section.6.8}{\376\377\000I\000F\000U\000n\000i\000t\000\040\000E\000n\000t\000i\000t\000y\000\040\000R\000e\000f\000e\000r\000e\000n\000c\000e}{chapter.6}% 28
\BOOKMARK [2][-]{subsection.6.8.1}{\376\377\000D\000e\000t\000a\000i\000l\000e\000d\000\040\000D\000e\000s\000c\000r\000i\000p\000t\000i\000o\000n}{section.6.8}% 29
\BOOKMARK [1][-]{section.6.9}{\376\377\000I\000M\000\040\000A\000r\000c\000h\000i\000t\000e\000c\000t\000u\000r\000e\000\040\000R\000e\000f\000e\000r\000e\000n\000c\000e}{chapter.6}% 30
\BOOKMARK [2][-]{subsection.6.9.1}{\376\377\000D\000e\000t\000a\000i\000l\000e\000d\000\040\000D\000e\000s\000c\000r\000i\000p\000t\000i\000o\000n}{section.6.9}% 31
\BOOKMARK [1][-]{section.6.10}{\376\377\000m\000a\000i\000n\000\040\000A\000r\000c\000h\000i\000t\000e\000c\000t\000u\000r\000e\000\040\000R\000e\000f\000e\000r\000e\000n\000c\000e}{chapter.6}% 32
\BOOKMARK [2][-]{subsection.6.10.1}{\376\377\000D\000e\000t\000a\000i\000l\000e\000d\000\040\000D\000e\000s\000c\000r\000i\000p\000t\000i\000o\000n}{section.6.10}% 33
\BOOKMARK [1][-]{section.6.11}{\376\377\000M\000A\000U\000n\000i\000t\000\040\000E\000n\000t\000i\000t\000y\000\040\000R\000e\000f\000e\000r\000e\000n\000c\000e}{chapter.6}% 34
\BOOKMARK [2][-]{subsection.6.11.1}{\376\377\000D\000e\000t\000a\000i\000l\000e\000d\000\040\000D\000e\000s\000c\000r\000i\000p\000t\000i\000o\000n}{section.6.11}% 35
\BOOKMARK [1][-]{section.6.12}{\376\377\000O\000F\000U\000\040\000A\000r\000c\000h\000i\000t\000e\000c\000t\000u\000r\000e\000\040\000R\000e\000f\000e\000r\000e\000n\000c\000e}{chapter.6}% 36
\BOOKMARK [2][-]{subsection.6.12.1}{\376\377\000D\000e\000t\000a\000i\000l\000e\000d\000\040\000D\000e\000s\000c\000r\000i\000p\000t\000i\000o\000n}{section.6.12}% 37
\BOOKMARK [2][-]{subsection.6.12.2}{\376\377\000M\000e\000m\000b\000e\000r\000\040\000F\000u\000n\000c\000t\000i\000o\000n\000\040\000D\000o\000c\000u\000m\000e\000n\000t\000a\000t\000i\000o\000n}{section.6.12}% 38
\BOOKMARK [3][-]{subsubsection.6.12.2.1}{\376\377\000P\000R\000O\000C\000E\000S\000S\000\137\0003}{subsection.6.12.2}% 39
\BOOKMARK [1][-]{section.6.13}{\376\377\000O\000F\000U\000n\000i\000t\000\040\000E\000n\000t\000i\000t\000y\000\040\000R\000e\000f\000e\000r\000e\000n\000c\000e}{chapter.6}% 40
\BOOKMARK [2][-]{subsection.6.13.1}{\376\377\000D\000e\000t\000a\000i\000l\000e\000d\000\040\000D\000e\000s\000c\000r\000i\000p\000t\000i\000o\000n}{section.6.13}% 41
\BOOKMARK [1][-]{section.6.14}{\376\377\000S\000i\000m\000p\000l\000e\000R\000I\000S\000C\000\040\000E\000n\000t\000i\000t\000y\000\040\000R\000e\000f\000e\000r\000e\000n\000c\000e}{chapter.6}% 42
\BOOKMARK [2][-]{subsection.6.14.1}{\376\377\000D\000e\000t\000a\000i\000l\000e\000d\000\040\000D\000e\000s\000c\000r\000i\000p\000t\000i\000o\000n}{section.6.14}% 43
\BOOKMARK [0][-]{chapter.7}{\376\377\000F\000i\000l\000e\000\040\000D\000o\000c\000u\000m\000e\000n\000t\000a\000t\000i\000o\000n}{}% 44
\BOOKMARK [1][-]{section.7.1}{\376\377\000C\000U\000n\000i\000t\000.\000v\000h\000d\000l\000\040\000F\000i\000l\000e\000\040\000R\000e\000f\000e\000r\000e\000n\000c\000e}{chapter.7}% 45
\BOOKMARK [2][-]{subsection.7.1.1}{\376\377\000D\000e\000t\000a\000i\000l\000e\000d\000\040\000D\000e\000s\000c\000r\000i\000p\000t\000i\000o\000n}{section.7.1}% 46
\BOOKMARK [1][-]{section.7.2}{\376\377\000E\000X\000U\000n\000i\000t\000.\000v\000h\000d\000l\000\040\000F\000i\000l\000e\000\040\000R\000e\000f\000e\000r\000e\000n\000c\000e}{chapter.7}% 47
\BOOKMARK [2][-]{subsection.7.2.1}{\376\377\000D\000e\000t\000a\000i\000l\000e\000d\000\040\000D\000e\000s\000c\000r\000i\000p\000t\000i\000o\000n}{section.7.2}% 48
\BOOKMARK [1][-]{section.7.3}{\376\377\000f\000i\000l\000e\000R\000e\000a\000d\000.\000v\000h\000d\000l\000\040\000F\000i\000l\000e\000\040\000R\000e\000f\000e\000r\000e\000n\000c\000e}{chapter.7}% 49
\BOOKMARK [2][-]{subsection.7.3.1}{\376\377\000D\000e\000t\000a\000i\000l\000e\000d\000\040\000D\000e\000s\000c\000r\000i\000p\000t\000i\000o\000n}{section.7.3}% 50
\BOOKMARK [1][-]{section.7.4}{\376\377\000I\000F\000U\000n\000i\000t\000.\000v\000h\000d\000l\000\040\000F\000i\000l\000e\000\040\000R\000e\000f\000e\000r\000e\000n\000c\000e}{chapter.7}% 51
\BOOKMARK [2][-]{subsection.7.4.1}{\376\377\000D\000e\000t\000a\000i\000l\000e\000d\000\040\000D\000e\000s\000c\000r\000i\000p\000t\000i\000o\000n}{section.7.4}% 52
\BOOKMARK [1][-]{section.7.5}{\376\377\000M\000A\000U\000n\000i\000t\000.\000v\000h\000d\000l\000\040\000F\000i\000l\000e\000\040\000R\000e\000f\000e\000r\000e\000n\000c\000e}{chapter.7}% 53
\BOOKMARK [2][-]{subsection.7.5.1}{\376\377\000D\000e\000t\000a\000i\000l\000e\000d\000\040\000D\000e\000s\000c\000r\000i\000p\000t\000i\000o\000n}{section.7.5}% 54
\BOOKMARK [1][-]{section.7.6}{\376\377\000O\000F\000U\000n\000i\000t\000.\000v\000h\000d\000l\000\040\000F\000i\000l\000e\000\040\000R\000e\000f\000e\000r\000e\000n\000c\000e}{chapter.7}% 55
\BOOKMARK [2][-]{subsection.7.6.1}{\376\377\000D\000e\000t\000a\000i\000l\000e\000d\000\040\000D\000e\000s\000c\000r\000i\000p\000t\000i\000o\000n}{section.7.6}% 56
\BOOKMARK [1][-]{section.7.7}{\376\377\000S\000i\000m\000p\000l\000e\000R\000I\000S\000C\000.\000v\000h\000d\000l\000\040\000F\000i\000l\000e\000\040\000R\000e\000f\000e\000r\000e\000n\000c\000e}{chapter.7}% 57
\BOOKMARK [2][-]{subsection.7.7.1}{\376\377\000D\000e\000t\000a\000i\000l\000e\000d\000\040\000D\000e\000s\000c\000r\000i\000p\000t\000i\000o\000n}{section.7.7}% 58
\BOOKMARK [0][-]{section*.50}{\376\377\000I\000n\000d\000e\000x}{}% 59
